0 info it worked if it ends with ok
1 verbose cli [ '/usr/bin/nodejs', '/usr/bin/npm', 'install', 'recpordrtc' ]
2 info using npm@1.3.10
3 info using node@v0.10.25
4 warn package.json static@2.0.0 No repository field.
5 warn package.json node@0.0.0 No repository field.
6 verbose cache add [ 'recpordrtc', null ]
7 verbose cache add name=undefined spec="recpordrtc" args=["recpordrtc",null]
8 verbose parsed url { protocol: null,
8 verbose parsed url   slashes: null,
8 verbose parsed url   auth: null,
8 verbose parsed url   host: null,
8 verbose parsed url   port: null,
8 verbose parsed url   hostname: null,
8 verbose parsed url   hash: null,
8 verbose parsed url   search: null,
8 verbose parsed url   query: null,
8 verbose parsed url   pathname: 'recpordrtc',
8 verbose parsed url   path: 'recpordrtc',
8 verbose parsed url   href: 'recpordrtc' }
9 silly lockFile 20797947-recpordrtc recpordrtc
10 verbose lock recpordrtc /home/brendan/.npm/20797947-recpordrtc.lock
11 silly lockFile 20797947-recpordrtc recpordrtc
12 silly lockFile 20797947-recpordrtc recpordrtc
13 verbose addNamed [ 'recpordrtc', '' ]
14 verbose addNamed [ null, '*' ]
15 silly lockFile eb21fd4a-recpordrtc recpordrtc@
16 verbose lock recpordrtc@ /home/brendan/.npm/eb21fd4a-recpordrtc.lock
17 silly addNameRange { name: 'recpordrtc', range: '*', hasData: false }
18 verbose url raw recpordrtc
19 verbose url resolving [ 'https://registry.npmjs.org/', './recpordrtc' ]
20 verbose url resolved https://registry.npmjs.org/recpordrtc
21 info trying registry request attempt 1 at 11:13:31
22 http GET https://registry.npmjs.org/recpordrtc
23 http 404 https://registry.npmjs.org/recpordrtc
24 silly registry.get cb [ 404,
24 silly registry.get   { date: 'Sat, 25 Apr 2015 10:13:32 GMT',
24 silly registry.get     server: 'CouchDB/1.5.0 (Erlang OTP/R16B03)',
24 silly registry.get     'content-type': 'application/json',
24 silly registry.get     'cache-control': 'max-age=0',
24 silly registry.get     'content-length': '51',
24 silly registry.get     'accept-ranges': 'bytes',
24 silly registry.get     via: '1.1 varnish',
24 silly registry.get     age: '0',
24 silly registry.get     'x-served-by': 'cache-ams4125-AMS',
24 silly registry.get     'x-cache': 'MISS',
24 silly registry.get     'x-cache-hits': '0',
24 silly registry.get     'x-timer': 'S1429956812.041171,VS0,VE98',
24 silly registry.get     'keep-alive': 'timeout=10, max=50',
24 silly registry.get     connection: 'Keep-Alive' } ]
25 silly lockFile eb21fd4a-recpordrtc recpordrtc@
26 silly lockFile eb21fd4a-recpordrtc recpordrtc@
27 error 404 'recpordrtc' is not in the npm registry.
27 error 404 You should bug the author to publish it
27 error 404
27 error 404 Note that you can also install from a
27 error 404 tarball, folder, or http url, or git url.
28 error System Linux 3.13.0-49-generic
29 error command "/usr/bin/nodejs" "/usr/bin/npm" "install" "recpordrtc"
30 error cwd /home/brendan/Downloads/RECAPP
31 error node -v v0.10.25
32 error npm -v 1.3.10
33 error code E404
34 verbose exit [ 1, true ]
